Please Enter 1 (cmd) or 2 (windows) mode) 
Cmd Mode, Run by Default Parameters
fileNamePreProcessed
[Fluo-C2DL-MSC]
Directory D:\code\1data-lab\CSTQ\2Modify\2022-07-29-16-33-logdir has been created.mkdir : [Ljava.lang.String;@17550481 is done
Waiting over for the copy Parameter.
Creating Process...
Waiting over for the0 sh running.
last line is :The directory 'D:\code\1data-lab\CSTQ\2Modify\Fluo-C2DL-MSC/01_RES/' does not exist!
The directory 'D:\code\1data-lab\CSTQ\2Modify\Fluo-C2DL-MSC/01_RES/' does not exist!
DETMeasure,Fluo-C2DL-MSC,01,3,Creating Process...
Waiting over for the1 sh running.
last line is :DET measure: 0.693085
DET measure: 0.693085
DETMeasure,Fluo-C2DL-MSC,02,3,DETMeasure,Fluo-C2DL-MSC,02,3,Creating Process...
Waiting over for the2 sh running.
last line is :The directory 'D:\code\1data-lab\CSTQ\2Modify\Fluo-C2DL-MSC/01_RES/' does not exist!
The directory 'D:\code\1data-lab\CSTQ\2Modify\Fluo-C2DL-MSC/01_RES/' does not exist!
SEGMeasure,Fluo-C2DL-MSC,01,3,Creating Process...
Waiting over for the3 sh running.
last line is :SEG measure: 0.660173
SEG measure: 0.660173
SEGMeasure,Fluo-C2DL-MSC,02,3,SEGMeasure,Fluo-C2DL-MSC,02,3,Creating Process...
Waiting over for the4 sh running.
last line is :The directory 'D:\code\1data-lab\CSTQ\2Modify\Fluo-C2DL-MSC/01_RES/' does not exist!
The directory 'D:\code\1data-lab\CSTQ\2Modify\Fluo-C2DL-MSC/01_RES/' does not exist!
TRAMeasure,Fluo-C2DL-MSC,01,3,Creating Process...
Waiting over for the5 sh running.
last line is :TRA measure: 0.685142
TRA measure: 0.685142
TRAMeasure,Fluo-C2DL-MSC,02,3,TRAMeasure,Fluo-C2DL-MSC,02,3,All sh run finished. Save Result
Save Result done
All Done. Enjoy.
Please Enter 1 (cmd) or 2 (windows) mode) 
Cmd Mode, Run by Default Parameters
fileNamePreProcessed
[Fluo-C2DL-MSC]
Directory D:\code\1data-lab\CSTQ\2Modify\2022-07-29-16-48-logdir has been created.mkdir : [Ljava.lang.String;@17550481 is done
Waiting over for the copy Parameter.
Creating Process...
Waiting over for the0 sh running.
last line is :The directory 'D:\code\1data-lab\CSTQ\2Modify\Fluo-C2DL-MSC/01_RES/' does not exist!
The directory 'D:\code\1data-lab\CSTQ\2Modify\Fluo-C2DL-MSC/01_RES/' does not exist!
DETMeasure,Fluo-C2DL-MSC,01,3,Creating Process...
Waiting over for the1 sh running.
last line is :DET measure: 0.693085
DET measure: 0.693085
DETMeasure,Fluo-C2DL-MSC,02,3,DETMeasure,Fluo-C2DL-MSC,02,3,Creating Process...
Waiting over for the2 sh running.
last line is :The directory 'D:\code\1data-lab\CSTQ\2Modify\Fluo-C2DL-MSC/01_RES/' does not exist!
The directory 'D:\code\1data-lab\CSTQ\2Modify\Fluo-C2DL-MSC/01_RES/' does not exist!
SEGMeasure,Fluo-C2DL-MSC,01,3,Creating Process...
Waiting over for the3 sh running.
last line is :SEG measure: 0.660173
SEG measure: 0.660173
SEGMeasure,Fluo-C2DL-MSC,02,3,SEGMeasure,Fluo-C2DL-MSC,02,3,Creating Process...
Waiting over for the4 sh running.
last line is :The directory 'D:\code\1data-lab\CSTQ\2Modify\Fluo-C2DL-MSC/01_RES/' does not exist!
The directory 'D:\code\1data-lab\CSTQ\2Modify\Fluo-C2DL-MSC/01_RES/' does not exist!
TRAMeasure,Fluo-C2DL-MSC,01,3,Creating Process...
Waiting over for the5 sh running.
last line is :TRA measure: 0.685142
TRA measure: 0.685142
TRAMeasure,Fluo-C2DL-MSC,02,3,TRAMeasure,Fluo-C2DL-MSC,02,3,All sh run finished. Save Result
Save Result done
All Done. Enjoy.
Please Enter 1 (cmd) or 2 (windows) mode) 
Cmd Mode, Run by Default Parameters
fileNamePreProcessed
[Fluo-C2DL-Huh7, Fluo-C2DL-MSC]
Directory D:\code\1data-lab\CSTQ\2Modify\2022-07-29-19-16-logdir has been created.mkdir : [Ljava.lang.String;@17550481 is done
Waiting over for the copy Parameter.
Creating Process...
Waiting over for the0 sh running.
last line is :The directory 'D:\code\1data-lab\CSTQ\2Modify\Fluo-C2DL-Huh7/01_GT/TRA/' does not exist!
The directory 'D:\code\1data-lab\CSTQ\2Modify\Fluo-C2DL-Huh7/01_GT/TRA/' does not exist!
DETMeasure,Fluo-C2DL-Huh7,01,3,Creating Process...
Waiting over for the1 sh running.
last line is :The directory 'D:\code\1data-lab\CSTQ\2Modify\Fluo-C2DL-Huh7/02_GT/TRA/' does not exist!
The directory 'D:\code\1data-lab\CSTQ\2Modify\Fluo-C2DL-Huh7/02_GT/TRA/' does not exist!
DETMeasure,Fluo-C2DL-Huh7,02,3,Creating Process...
Waiting over for the2 sh running.
last line is :The directory 'D:\code\1data-lab\CSTQ\2Modify\Fluo-C2DL-Huh7/01_GT/SEG/' does not exist!
The directory 'D:\code\1data-lab\CSTQ\2Modify\Fluo-C2DL-Huh7/01_GT/SEG/' does not exist!
SEGMeasure,Fluo-C2DL-Huh7,01,3,Creating Process...
Waiting over for the3 sh running.
last line is :The directory 'D:\code\1data-lab\CSTQ\2Modify\Fluo-C2DL-Huh7/02_GT/SEG/' does not exist!
The directory 'D:\code\1data-lab\CSTQ\2Modify\Fluo-C2DL-Huh7/02_GT/SEG/' does not exist!
SEGMeasure,Fluo-C2DL-Huh7,02,3,Creating Process...
Waiting over for the4 sh running.
last line is :The directory 'D:\code\1data-lab\CSTQ\2Modify\Fluo-C2DL-Huh7/01_GT/TRA/' does not exist!
The directory 'D:\code\1data-lab\CSTQ\2Modify\Fluo-C2DL-Huh7/01_GT/TRA/' does not exist!
TRAMeasure,Fluo-C2DL-Huh7,01,3,Creating Process...
Waiting over for the5 sh running.
last line is :The directory 'D:\code\1data-lab\CSTQ\2Modify\Fluo-C2DL-Huh7/02_GT/TRA/' does not exist!
The directory 'D:\code\1data-lab\CSTQ\2Modify\Fluo-C2DL-Huh7/02_GT/TRA/' does not exist!
TRAMeasure,Fluo-C2DL-Huh7,02,3,mkdir : [Ljava.lang.String;@2c6a3f77 is done
Waiting over for the copy Parameter.
Creating Process...
Waiting over for the6 sh running.
last line is :The directory 'D:\code\1data-lab\CSTQ\2Modify\Fluo-C2DL-MSC/01_RES/' does not exist!
The directory 'D:\code\1data-lab\CSTQ\2Modify\Fluo-C2DL-MSC/01_RES/' does not exist!
DETMeasure,Fluo-C2DL-MSC,01,3,Creating Process...
Waiting over for the7 sh running.
last line is :DET measure: 0.693085
DET measure: 0.693085
DETMeasure,Fluo-C2DL-MSC,02,3,DETMeasure,Fluo-C2DL-MSC,02,3,Creating Process...
Waiting over for the8 sh running.
last line is :The directory 'D:\code\1data-lab\CSTQ\2Modify\Fluo-C2DL-MSC/01_RES/' does not exist!
The directory 'D:\code\1data-lab\CSTQ\2Modify\Fluo-C2DL-MSC/01_RES/' does not exist!
SEGMeasure,Fluo-C2DL-MSC,01,3,Creating Process...
Waiting over for the9 sh running.
last line is :SEG measure: 0.660173
SEG measure: 0.660173
SEGMeasure,Fluo-C2DL-MSC,02,3,SEGMeasure,Fluo-C2DL-MSC,02,3,Creating Process...
Waiting over for the10 sh running.
last line is :The directory 'D:\code\1data-lab\CSTQ\2Modify\Fluo-C2DL-MSC/01_RES/' does not exist!
The directory 'D:\code\1data-lab\CSTQ\2Modify\Fluo-C2DL-MSC/01_RES/' does not exist!
TRAMeasure,Fluo-C2DL-MSC,01,3,Creating Process...
Waiting over for the11 sh running.
last line is :TRA measure: 0.685142
TRA measure: 0.685142
TRAMeasure,Fluo-C2DL-MSC,02,3,TRAMeasure,Fluo-C2DL-MSC,02,3,All sh run finished. Save Result
Save Result done
all eval history already exists.
All Done. Enjoy.
Please Enter 1 (cmd) or 2 (windows) mode) 
Cmd Mode, Run by Default Parameters
fileNamePreProcessed
[Fluo-C2DL-Huh7, Fluo-C2DL-MSC]
Directory D:\code\1data-lab\CSTQ\2Modify\2022-07-29-19-18-logdir has been created.mkdir : [Ljava.lang.String;@17550481 is done
Waiting over for the copy Parameter.
Creating Process...
Waiting over for the0 sh running.
last line is :The directory 'D:\code\1data-lab\CSTQ\2Modify\Fluo-C2DL-Huh7/01_GT/TRA/' does not exist!
The directory 'D:\code\1data-lab\CSTQ\2Modify\Fluo-C2DL-Huh7/01_GT/TRA/' does not exist!
DETMeasure,Fluo-C2DL-Huh7,01,3,Creating Process...
Waiting over for the1 sh running.
last line is :The directory 'D:\code\1data-lab\CSTQ\2Modify\Fluo-C2DL-Huh7/02_GT/TRA/' does not exist!
The directory 'D:\code\1data-lab\CSTQ\2Modify\Fluo-C2DL-Huh7/02_GT/TRA/' does not exist!
DETMeasure,Fluo-C2DL-Huh7,02,3,Creating Process...
Waiting over for the2 sh running.
last line is :The directory 'D:\code\1data-lab\CSTQ\2Modify\Fluo-C2DL-Huh7/01_GT/SEG/' does not exist!
The directory 'D:\code\1data-lab\CSTQ\2Modify\Fluo-C2DL-Huh7/01_GT/SEG/' does not exist!
SEGMeasure,Fluo-C2DL-Huh7,01,3,Creating Process...
Waiting over for the3 sh running.
last line is :The directory 'D:\code\1data-lab\CSTQ\2Modify\Fluo-C2DL-Huh7/02_GT/SEG/' does not exist!
The directory 'D:\code\1data-lab\CSTQ\2Modify\Fluo-C2DL-Huh7/02_GT/SEG/' does not exist!
SEGMeasure,Fluo-C2DL-Huh7,02,3,Creating Process...
Waiting over for the4 sh running.
last line is :The directory 'D:\code\1data-lab\CSTQ\2Modify\Fluo-C2DL-Huh7/01_GT/TRA/' does not exist!
The directory 'D:\code\1data-lab\CSTQ\2Modify\Fluo-C2DL-Huh7/01_GT/TRA/' does not exist!
TRAMeasure,Fluo-C2DL-Huh7,01,3,Creating Process...
Waiting over for the5 sh running.
last line is :The directory 'D:\code\1data-lab\CSTQ\2Modify\Fluo-C2DL-Huh7/02_GT/TRA/' does not exist!
The directory 'D:\code\1data-lab\CSTQ\2Modify\Fluo-C2DL-Huh7/02_GT/TRA/' does not exist!
TRAMeasure,Fluo-C2DL-Huh7,02,3,mkdir : [Ljava.lang.String;@2c6a3f77 is done
Waiting over for the copy Parameter.
Creating Process...
Waiting over for the6 sh running.
last line is :The directory 'D:\code\1data-lab\CSTQ\2Modify\Fluo-C2DL-MSC/01_RES/' does not exist!
The directory 'D:\code\1data-lab\CSTQ\2Modify\Fluo-C2DL-MSC/01_RES/' does not exist!
DETMeasure,Fluo-C2DL-MSC,01,3,Creating Process...
Waiting over for the7 sh running.
last line is :DET measure: 0.693085
DET measure: 0.693085
DETMeasure,Fluo-C2DL-MSC,02,3,DETMeasure,Fluo-C2DL-MSC,02,3,Creating Process...
Waiting over for the8 sh running.
last line is :The directory 'D:\code\1data-lab\CSTQ\2Modify\Fluo-C2DL-MSC/01_RES/' does not exist!
The directory 'D:\code\1data-lab\CSTQ\2Modify\Fluo-C2DL-MSC/01_RES/' does not exist!
SEGMeasure,Fluo-C2DL-MSC,01,3,Creating Process...
Waiting over for the9 sh running.
last line is :SEG measure: 0.660173
SEG measure: 0.660173
SEGMeasure,Fluo-C2DL-MSC,02,3,SEGMeasure,Fluo-C2DL-MSC,02,3,Creating Process...
Waiting over for the10 sh running.
last line is :The directory 'D:\code\1data-lab\CSTQ\2Modify\Fluo-C2DL-MSC/01_RES/' does not exist!
The directory 'D:\code\1data-lab\CSTQ\2Modify\Fluo-C2DL-MSC/01_RES/' does not exist!
TRAMeasure,Fluo-C2DL-MSC,01,3,Creating Process...
Waiting over for the11 sh running.
last line is :TRA measure: 0.685142
TRA measure: 0.685142
TRAMeasure,Fluo-C2DL-MSC,02,3,TRAMeasure,Fluo-C2DL-MSC,02,3,All sh run finished. Save Result
Save Result done
all eval history already exists.
All Done. Enjoy.
Please Enter 1 (cmd) or 2 (windows) mode) 
Cmd Mode, Run by Default Parameters
fileNamePreProcessed
[Fluo-C2DL-Huh7, Fluo-C2DL-MSC]
Directory D:\code\1data-lab\CSTQ\2Modify\2022-07-29-19-19-logdir has been created.mkdir : [Ljava.lang.String;@17550481 is done
Waiting over for the copy Parameter.
Creating Process...
Waiting over for the0 sh running.
last line is :The directory 'D:\code\1data-lab\CSTQ\2Modify\Fluo-C2DL-Huh7/01_GT/TRA/' does not exist!
The directory 'D:\code\1data-lab\CSTQ\2Modify\Fluo-C2DL-Huh7/01_GT/TRA/' does not exist!
DETMeasure,Fluo-C2DL-Huh7,01,3,Creating Process...
Waiting over for the1 sh running.
last line is :The directory 'D:\code\1data-lab\CSTQ\2Modify\Fluo-C2DL-Huh7/02_GT/TRA/' does not exist!
The directory 'D:\code\1data-lab\CSTQ\2Modify\Fluo-C2DL-Huh7/02_GT/TRA/' does not exist!
DETMeasure,Fluo-C2DL-Huh7,02,3,Creating Process...
Waiting over for the2 sh running.
last line is :The directory 'D:\code\1data-lab\CSTQ\2Modify\Fluo-C2DL-Huh7/01_GT/SEG/' does not exist!
The directory 'D:\code\1data-lab\CSTQ\2Modify\Fluo-C2DL-Huh7/01_GT/SEG/' does not exist!
SEGMeasure,Fluo-C2DL-Huh7,01,3,Creating Process...
Waiting over for the3 sh running.
last line is :The directory 'D:\code\1data-lab\CSTQ\2Modify\Fluo-C2DL-Huh7/02_GT/SEG/' does not exist!
The directory 'D:\code\1data-lab\CSTQ\2Modify\Fluo-C2DL-Huh7/02_GT/SEG/' does not exist!
SEGMeasure,Fluo-C2DL-Huh7,02,3,Creating Process...
Waiting over for the4 sh running.
last line is :The directory 'D:\code\1data-lab\CSTQ\2Modify\Fluo-C2DL-Huh7/01_GT/TRA/' does not exist!
The directory 'D:\code\1data-lab\CSTQ\2Modify\Fluo-C2DL-Huh7/01_GT/TRA/' does not exist!
TRAMeasure,Fluo-C2DL-Huh7,01,3,Creating Process...
Waiting over for the5 sh running.
last line is :The directory 'D:\code\1data-lab\CSTQ\2Modify\Fluo-C2DL-Huh7/02_GT/TRA/' does not exist!
The directory 'D:\code\1data-lab\CSTQ\2Modify\Fluo-C2DL-Huh7/02_GT/TRA/' does not exist!
TRAMeasure,Fluo-C2DL-Huh7,02,3,mkdir : [Ljava.lang.String;@2c6a3f77 is done
Waiting over for the copy Parameter.
Creating Process...
Waiting over for the6 sh running.
last line is :The directory 'D:\code\1data-lab\CSTQ\2Modify\Fluo-C2DL-MSC/01_RES/' does not exist!
The directory 'D:\code\1data-lab\CSTQ\2Modify\Fluo-C2DL-MSC/01_RES/' does not exist!
DETMeasure,Fluo-C2DL-MSC,01,3,Creating Process...
Waiting over for the7 sh running.
last line is :DET measure: 0.693085
DET measure: 0.693085
DETMeasure,Fluo-C2DL-MSC,02,3,DETMeasure,Fluo-C2DL-MSC,02,3,Creating Process...
Waiting over for the8 sh running.
last line is :The directory 'D:\code\1data-lab\CSTQ\2Modify\Fluo-C2DL-MSC/01_RES/' does not exist!
The directory 'D:\code\1data-lab\CSTQ\2Modify\Fluo-C2DL-MSC/01_RES/' does not exist!
SEGMeasure,Fluo-C2DL-MSC,01,3,Creating Process...
Waiting over for the9 sh running.
last line is :SEG measure: 0.660173
SEG measure: 0.660173
SEGMeasure,Fluo-C2DL-MSC,02,3,SEGMeasure,Fluo-C2DL-MSC,02,3,Creating Process...
Waiting over for the10 sh running.
last line is :The directory 'D:\code\1data-lab\CSTQ\2Modify\Fluo-C2DL-MSC/01_RES/' does not exist!
The directory 'D:\code\1data-lab\CSTQ\2Modify\Fluo-C2DL-MSC/01_RES/' does not exist!
TRAMeasure,Fluo-C2DL-MSC,01,3,Creating Process...
Waiting over for the11 sh running.
last line is :TRA measure: 0.685142
TRA measure: 0.685142
TRAMeasure,Fluo-C2DL-MSC,02,3,TRAMeasure,Fluo-C2DL-MSC,02,3,All sh run finished. Save Result
Save Result done
all eval history already exists.
All Done. Enjoy.
Please Enter 1 (cmd) or 2 (windows) mode) 
Cmd Mode, Run by Default Parameters
fileNamePreProcessed
[Fluo-C2DL-Huh7, Fluo-C2DL-MSC]
Directory D:\code\1data-lab\CSTQ\2Modify\2022-07-29-19-20-logdir has been created.mkdir : [Ljava.lang.String;@17550481 is done
Waiting over for the copy Parameter.
Creating Process...
Waiting over for the0 sh running.
last line is :The directory 'D:\code\1data-lab\CSTQ\2Modify\Fluo-C2DL-Huh7/01_GT/TRA/' does not exist!
The directory 'D:\code\1data-lab\CSTQ\2Modify\Fluo-C2DL-Huh7/01_GT/TRA/' does not exist!
DETMeasure,Fluo-C2DL-Huh7,01,3,Creating Process...
Waiting over for the1 sh running.
last line is :The directory 'D:\code\1data-lab\CSTQ\2Modify\Fluo-C2DL-Huh7/02_GT/TRA/' does not exist!
The directory 'D:\code\1data-lab\CSTQ\2Modify\Fluo-C2DL-Huh7/02_GT/TRA/' does not exist!
DETMeasure,Fluo-C2DL-Huh7,02,3,Creating Process...
Waiting over for the2 sh running.
last line is :The directory 'D:\code\1data-lab\CSTQ\2Modify\Fluo-C2DL-Huh7/01_GT/SEG/' does not exist!
The directory 'D:\code\1data-lab\CSTQ\2Modify\Fluo-C2DL-Huh7/01_GT/SEG/' does not exist!
SEGMeasure,Fluo-C2DL-Huh7,01,3,Creating Process...
Waiting over for the3 sh running.
last line is :The directory 'D:\code\1data-lab\CSTQ\2Modify\Fluo-C2DL-Huh7/02_GT/SEG/' does not exist!
The directory 'D:\code\1data-lab\CSTQ\2Modify\Fluo-C2DL-Huh7/02_GT/SEG/' does not exist!
SEGMeasure,Fluo-C2DL-Huh7,02,3,Creating Process...
Waiting over for the4 sh running.
last line is :The directory 'D:\code\1data-lab\CSTQ\2Modify\Fluo-C2DL-Huh7/01_GT/TRA/' does not exist!
The directory 'D:\code\1data-lab\CSTQ\2Modify\Fluo-C2DL-Huh7/01_GT/TRA/' does not exist!
TRAMeasure,Fluo-C2DL-Huh7,01,3,Creating Process...
Waiting over for the5 sh running.
last line is :The directory 'D:\code\1data-lab\CSTQ\2Modify\Fluo-C2DL-Huh7/02_GT/TRA/' does not exist!
The directory 'D:\code\1data-lab\CSTQ\2Modify\Fluo-C2DL-Huh7/02_GT/TRA/' does not exist!
TRAMeasure,Fluo-C2DL-Huh7,02,3,mkdir : [Ljava.lang.String;@2c6a3f77 is done
Waiting over for the copy Parameter.
Creating Process...
Waiting over for the6 sh running.
last line is :The directory 'D:\code\1data-lab\CSTQ\2Modify\Fluo-C2DL-MSC/01_RES/' does not exist!
The directory 'D:\code\1data-lab\CSTQ\2Modify\Fluo-C2DL-MSC/01_RES/' does not exist!
DETMeasure,Fluo-C2DL-MSC,01,3,Creating Process...
Waiting over for the7 sh running.
last line is :DET measure: 0.693085
DET measure: 0.693085
DETMeasure,Fluo-C2DL-MSC,02,3,DETMeasure,Fluo-C2DL-MSC,02,3,Creating Process...
Waiting over for the8 sh running.
last line is :The directory 'D:\code\1data-lab\CSTQ\2Modify\Fluo-C2DL-MSC/01_RES/' does not exist!
The directory 'D:\code\1data-lab\CSTQ\2Modify\Fluo-C2DL-MSC/01_RES/' does not exist!
SEGMeasure,Fluo-C2DL-MSC,01,3,Creating Process...
Waiting over for the9 sh running.
last line is :SEG measure: 0.660173
SEG measure: 0.660173
SEGMeasure,Fluo-C2DL-MSC,02,3,SEGMeasure,Fluo-C2DL-MSC,02,3,Creating Process...
Waiting over for the10 sh running.
last line is :The directory 'D:\code\1data-lab\CSTQ\2Modify\Fluo-C2DL-MSC/01_RES/' does not exist!
The directory 'D:\code\1data-lab\CSTQ\2Modify\Fluo-C2DL-MSC/01_RES/' does not exist!
TRAMeasure,Fluo-C2DL-MSC,01,3,Creating Process...
Waiting over for the11 sh running.
last line is :TRA measure: 0.685142
TRA measure: 0.685142
TRAMeasure,Fluo-C2DL-MSC,02,3,TRAMeasure,Fluo-C2DL-MSC,02,3,All sh run finished. Save Result
Save Result done
all eval history created: Result-All-History.csv
All Done. Enjoy.
